<?xml version="1.0" encoding="UTF-8"?>
<!-- Generated by org.testng.reporters.JUnitReportReporter -->
<testsuite skipped="0" hostname="BDC6-DX-J0JQ6C2" name="PageObjectRepository.PageImplementation" tests="1" failures="0" timestamp="23 Jul 2019 06:59:22 GMT" time="57.429" errors="0">
  <testcase name="f" time="57.429" classname="PageObjectRepository.PageImplementation"/>
</testsuite> <!-- PageObjectRepository.PageImplementation -->
